<?xml version="1.0" encoding="UTF-8"?>
<testng-results skipped="0" failed="1" ignored="0" total="4" passed="3">
  <reporter-output>
  </reporter-output>
  <suite name="Suite" duration-ms="53537" started-at="2022-04-18T23:39:31 IST" finished-at="2022-04-18T23:40:24 IST">
    <groups>
    </groups>
    <test name="Test" duration-ms="53537" started-at="2022-04-18T23:39:31 IST" finished-at="2022-04-18T23:40:24 IST">
      <class name="testcases.SampleTest">
        <test-method status="FAIL" signature="sampe()[pri:0, instance:testcases.SampleTest@34129c78]" name="sampe" duration-ms="16895" started-at="2022-04-18T23:39:31 IST" finished-at="2022-04-18T23:39:48 IST">
          <exception class="java.lang.AssertionError">
            <message>
              <![CDATA[expected [LOka] but found [https://www.tvlicensing.co.uk/cs/update/your-licence/index.app?authorizationFilterPageName=authorization-view&WT.ac=home_ytvlo_signin]]]>
            </message>
            <full-stacktrace>
              <![CDATA[java.lang.AssertionError: expected [LOka] but found [https://www.tvlicensing.co.uk/cs/update/your-licence/index.app?authorizationFilterPageName=authorization-view&WT.ac=home_ytvlo_signin]
at org.testng.Assert.fail(Assert.java:110)
at org.testng.Assert.failNotEquals(Assert.java:1413)
at org.testng.Assert.assertEqualsImpl(Assert.java:149)
at org.testng.Assert.assertEquals(Assert.java:131)
at org.testng.Assert.assertEquals(Assert.java:655)
at org.testng.Assert.assertEquals(Assert.java:665)
at testcases.SampleTest.sampe(SampleTest.java:26)
at sun.reflect.NativeMethodAccessorImpl.invoke0(Native Method)
at sun.reflect.NativeMethodAccessorImpl.invoke(NativeMethodAccessorImpl.java:62)
at sun.reflect.DelegatingMethodAccessorImpl.invoke(DelegatingMethodAccessorImpl.java:43)
at java.lang.reflect.Method.invoke(Method.java:498)
at org.testng.internal.invokers.MethodInvocationHelper.invokeMethod(MethodInvocationHelper.java:135)
at org.testng.internal.invokers.TestInvoker.invokeMethod(TestInvoker.java:673)
at org.testng.internal.invokers.TestInvoker.invokeTestMethod(TestInvoker.java:220)
at org.testng.internal.invokers.MethodRunner.runInSequence(MethodRunner.java:50)
at org.testng.internal.invokers.TestInvoker$MethodInvocationAgent.invoke(TestInvoker.java:945)
at org.testng.internal.invokers.TestInvoker.invokeTestMethods(TestInvoker.java:193)
at org.testng.internal.invokers.TestMethodWorker.invokeTestMethods(TestMethodWorker.java:146)
at org.testng.internal.invokers.TestMethodWorker.run(TestMethodWorker.java:128)
at java.util.ArrayList.forEach(ArrayList.java:1259)
at org.testng.TestRunner.privateRun(TestRunner.java:808)
at org.testng.TestRunner.run(TestRunner.java:603)
at org.testng.SuiteRunner.runTest(SuiteRunner.java:429)
at org.testng.SuiteRunner.runSequentially(SuiteRunner.java:423)
at org.testng.SuiteRunner.privateRun(SuiteRunner.java:383)
at org.testng.SuiteRunner.run(SuiteRunner.java:326)
at org.testng.SuiteRunnerWorker.runSuite(SuiteRunnerWorker.java:52)
at org.testng.SuiteRunnerWorker.run(SuiteRunnerWorker.java:95)
at org.testng.TestNG.runSuitesSequentially(TestNG.java:1249)
at org.testng.TestNG.runSuitesLocally(TestNG.java:1169)
at org.testng.TestNG.runSuites(TestNG.java:1092)
at org.testng.TestNG.run(TestNG.java:1060)
at org.apache.maven.surefire.testng.TestNGExecutor.run(TestNGExecutor.java:324)
at org.apache.maven.surefire.testng.TestNGXmlTestSuite.execute(TestNGXmlTestSuite.java:74)
at org.apache.maven.surefire.testng.TestNGProvider.invoke(TestNGProvider.java:123)
at org.apache.maven.surefire.booter.ForkedBooter.runSuitesInProcess(ForkedBooter.java:456)
at org.apache.maven.surefire.booter.ForkedBooter.execute(ForkedBooter.java:169)
at org.apache.maven.surefire.booter.ForkedBooter.run(ForkedBooter.java:595)
at org.apache.maven.surefire.booter.ForkedBooter.main(ForkedBooter.java:581)
]]>
            </full-stacktrace>
          </exception> <!-- java.lang.AssertionError -->
          <reporter-output>
          </reporter-output>
        </test-method> <!-- sampe -->
        <test-method status="PASS" signature="tearDown()[pri:0, instance:testcases.SampleTest@34129c78]" name="tearDown" is-config="true" duration-ms="1366" started-at="2022-04-18T23:39:48 IST" finished-at="2022-04-18T23:39:49 IST">
          <reporter-output>
          </reporter-output>
        </test-method> <!-- tearDown -->
      </class> <!-- testcases.SampleTest -->
      <class name="testcases.SampleTest3">
        <test-method status="PASS" signature="sampe()[pri:0, instance:testcases.SampleTest3@456d6c1e]" name="sampe" duration-ms="10730" started-at="2022-04-18T23:40:01 IST" finished-at="2022-04-18T23:40:12 IST">
          <reporter-output>
          </reporter-output>
        </test-method> <!-- sampe -->
        <test-method status="PASS" signature="tearDown()[pri:0, instance:testcases.SampleTest3@456d6c1e]" name="tearDown" is-config="true" duration-ms="1329" started-at="2022-04-18T23:40:12 IST" finished-at="2022-04-18T23:40:13 IST">
          <reporter-output>
          </reporter-output>
        </test-method> <!-- tearDown -->
      </class> <!-- testcases.SampleTest3 -->
      <class name="testcases.SampleTest4">
        <test-method status="PASS" signature="sampe()[pri:0, instance:testcases.SampleTest4@1e13529a]" name="sampe" duration-ms="9949" started-at="2022-04-18T23:40:13 IST" finished-at="2022-04-18T23:40:23 IST">
          <reporter-output>
          </reporter-output>
        </test-method> <!-- sampe -->
        <test-method status="PASS" signature="tearDown()[pri:0, instance:testcases.SampleTest4@1e13529a]" name="tearDown" is-config="true" duration-ms="1338" started-at="2022-04-18T23:40:23 IST" finished-at="2022-04-18T23:40:24 IST">
          <reporter-output>
          </reporter-output>
        </test-method> <!-- tearDown -->
      </class> <!-- testcases.SampleTest4 -->
      <class name="testcases.SampleTest2">
        <test-method status="PASS" signature="sampe()[pri:0, instance:testcases.SampleTest2@77659b30]" name="sampe" duration-ms="10363" started-at="2022-04-18T23:39:49 IST" finished-at="2022-04-18T23:40:00 IST">
          <reporter-output>
          </reporter-output>
        </test-method> <!-- sampe -->
        <test-method status="PASS" signature="tearDown()[pri:0, instance:testcases.SampleTest2@77659b30]" name="tearDown" is-config="true" duration-ms="1337" started-at="2022-04-18T23:40:00 IST" finished-at="2022-04-18T23:40:01 IST">
          <reporter-output>
          </reporter-output>
        </test-method> <!-- tearDown -->
      </class> <!-- testcases.SampleTest2 -->
    </test> <!-- Test -->
  </suite> <!-- Suite -->
</testng-results>
