<?xml version="1.0" encoding="UTF-8"?>
<testng-results skipped="0" failed="1" ignored="0" total="4" passed="3">
  <reporter-output>
  </reporter-output>
  <suite name="Suite" duration-ms="34334" started-at="2022-04-17T19:14:59 IST" finished-at="2022-04-17T19:15:34 IST">
    <groups>
    </groups>
    <test name="Test" duration-ms="34334" started-at="2022-04-17T19:14:59 IST" finished-at="2022-04-17T19:15:34 IST">
      <class name="testcases.SampleTest">
        <test-method status="FAIL" signature="sampe()[pri:0, instance:testcases.SampleTest@47faa49c]" name="sampe" duration-ms="10634" started-at="2022-04-17T19:14:59 IST" finished-at="2022-04-17T19:15:10 IST">
          <exception class="java.lang.AssertionError">
            <message>
              <![CDATA[expected [LOka] but found [https://www.tvlicensing.co.uk/cs/update/your-licence/index.app?authorizationFilterPageName=authorization-view&WT.ac=home_ytvlo_signin]]]>
            </message>
            <full-stacktrace>
              <![CDATA[java.lang.AssertionError: expected [LOka] but found [https://www.tvlicensing.co.uk/cs/update/your-licence/index.app?authorizationFilterPageName=authorization-view&WT.ac=home_ytvlo_signin]
at org.testng.Assert.fail(Assert.java:110)
at org.testng.Assert.failNotEquals(Assert.java:1413)
at org.testng.Assert.assertEqualsImpl(Assert.java:149)
at org.testng.Assert.assertEquals(Assert.java:131)
at org.testng.Assert.assertEquals(Assert.java:655)
at org.testng.Assert.assertEquals(Assert.java:665)
at testcases.SampleTest.sampe(SampleTest.java:26)
at sun.reflect.NativeMethodAccessorImpl.invoke0(Native Method)
at sun.reflect.NativeMethodAccessorImpl.invoke(NativeMethodAccessorImpl.java:62)
at sun.reflect.DelegatingMethodAccessorImpl.invoke(DelegatingMethodAccessorImpl.java:43)
at java.lang.reflect.Method.invoke(Method.java:498)
at org.testng.internal.invokers.MethodInvocationHelper.invokeMethod(MethodInvocationHelper.java:135)
at org.testng.internal.invokers.TestInvoker.invokeMethod(TestInvoker.java:673)
at org.testng.internal.invokers.TestInvoker.invokeTestMethod(TestInvoker.java:220)
at org.testng.internal.invokers.MethodRunner.runInSequence(MethodRunner.java:50)
at org.testng.internal.invokers.TestInvoker$MethodInvocationAgent.invoke(TestInvoker.java:945)
at org.testng.internal.invokers.TestInvoker.invokeTestMethods(TestInvoker.java:193)
at org.testng.internal.invokers.TestMethodWorker.invokeTestMethods(TestMethodWorker.java:146)
at org.testng.internal.invokers.TestMethodWorker.run(TestMethodWorker.java:128)
at java.util.ArrayList.forEach(ArrayList.java:1259)
at org.testng.TestRunner.privateRun(TestRunner.java:808)
at org.testng.TestRunner.run(TestRunner.java:603)
at org.testng.SuiteRunner.runTest(SuiteRunner.java:429)
at org.testng.SuiteRunner.runSequentially(SuiteRunner.java:423)
at org.testng.SuiteRunner.privateRun(SuiteRunner.java:383)
at org.testng.SuiteRunner.run(SuiteRunner.java:326)
at org.testng.SuiteRunnerWorker.runSuite(SuiteRunnerWorker.java:52)
at org.testng.SuiteRunnerWorker.run(SuiteRunnerWorker.java:95)
at org.testng.TestNG.runSuitesSequentially(TestNG.java:1249)
at org.testng.TestNG.runSuitesLocally(TestNG.java:1169)
at org.testng.TestNG.runSuites(TestNG.java:1092)
at org.testng.TestNG.run(TestNG.java:1060)
at org.testng.remote.AbstractRemoteTestNG.run(AbstractRemoteTestNG.java:115)
at org.testng.remote.RemoteTestNG.initAndRun(RemoteTestNG.java:251)
at org.testng.remote.RemoteTestNG.main(RemoteTestNG.java:77)
]]>
            </full-stacktrace>
          </exception> <!-- java.lang.AssertionError -->
          <reporter-output>
          </reporter-output>
        </test-method> <!-- sampe -->
        <test-method status="PASS" signature="tearDown()[pri:0, instance:testcases.SampleTest@47faa49c]" name="tearDown" is-config="true" duration-ms="782" started-at="2022-04-17T19:15:10 IST" finished-at="2022-04-17T19:15:11 IST">
          <reporter-output>
          </reporter-output>
        </test-method> <!-- tearDown -->
      </class> <!-- testcases.SampleTest -->
      <class name="testcases.SampleTest3">
        <test-method status="PASS" signature="sampe()[pri:0, instance:testcases.SampleTest3@e15b7e8]" name="sampe" duration-ms="6126" started-at="2022-04-17T19:15:20 IST" finished-at="2022-04-17T19:15:26 IST">
          <reporter-output>
          </reporter-output>
        </test-method> <!-- sampe -->
        <test-method status="PASS" signature="tearDown()[pri:0, instance:testcases.SampleTest3@e15b7e8]" name="tearDown" is-config="true" duration-ms="780" started-at="2022-04-17T19:15:26 IST" finished-at="2022-04-17T19:15:27 IST">
          <reporter-output>
          </reporter-output>
        </test-method> <!-- tearDown -->
      </class> <!-- testcases.SampleTest3 -->
      <class name="testcases.SampleTest4">
        <test-method status="PASS" signature="sampe()[pri:0, instance:testcases.SampleTest4@1b2abca6]" name="sampe" duration-ms="6149" started-at="2022-04-17T19:15:27 IST" finished-at="2022-04-17T19:15:33 IST">
          <reporter-output>
          </reporter-output>
        </test-method> <!-- sampe -->
        <test-method status="PASS" signature="tearDown()[pri:0, instance:testcases.SampleTest4@1b2abca6]" name="tearDown" is-config="true" duration-ms="778" started-at="2022-04-17T19:15:33 IST" finished-at="2022-04-17T19:15:34 IST">
          <reporter-output>
          </reporter-output>
        </test-method> <!-- tearDown -->
      </class> <!-- testcases.SampleTest4 -->
      <class name="testcases.SampleTest2">
        <test-method status="PASS" signature="sampe()[pri:0, instance:testcases.SampleTest2@209da20d]" name="sampe" duration-ms="7991" started-at="2022-04-17T19:15:11 IST" finished-at="2022-04-17T19:15:19 IST">
          <reporter-output>
          </reporter-output>
        </test-method> <!-- sampe -->
        <test-method status="PASS" signature="tearDown()[pri:0, instance:testcases.SampleTest2@209da20d]" name="tearDown" is-config="true" duration-ms="754" started-at="2022-04-17T19:15:19 IST" finished-at="2022-04-17T19:15:20 IST">
          <reporter-output>
          </reporter-output>
        </test-method> <!-- tearDown -->
      </class> <!-- testcases.SampleTest2 -->
    </test> <!-- Test -->
  </suite> <!-- Suite -->
</testng-results>
